# JRE version: OpenJDK Runtime Environment Corretto-17.0.5.8.1 (17.0.5+8) (build 17.0.5+8-LTS)
# Java VM: OpenJDK 64-Bit Server VM Corretto-17.0.5.8.1 (17.0.5+8-LTS, mixed mode, sharing, tiered, compressed oops, compressed class ptrs, g1 gc, windows-amd64)
GC Precious Log:
 CPUs: 6 total, 6 available
 Memory: 7549M
 Large Page Support: Disabled
 NUMA Support: Disabled
 Compressed Oops: Enabled (32-bit)
 Heap Region Size: 1M
 Heap Min Capacity: 256M
 Heap Initial Capacity: 256M
 Heap Max Capacity: 512M
 Pre-touch: Disabled
 Parallel Workers: 6
 Concurrent Workers: 2
 Concurrent Refinement Workers: 6
 Periodic GC: Disabled
Heap:
 garbage-first heap   total 262144K, used 97087K [0x00000000e0000000, 0x0000000100000000)
  region size 1024K, 42 young (43008K), 12 survivors (12288K)
 Metaspace       used 36012K, committed 36416K, reserved 245760K
  class space    used 4999K, committed 5184K, reserved 212992K
GC Heap History (20 events):
Event: 21.199 GC heap before
{Heap before GC invocations=16 (full 0):
 garbage-first heap   total 262144K, used 210468K [0x00000000e0000000, 0x0000000100000000)
  region size 1024K, 153 young (156672K), 5 survivors (5120K)
 Metaspace       used 35999K, committed 36416K, reserved 245760K
  class space    used 4998K, committed 5184K, reserved 212992K
}
Event: 21.201 GC heap after
{Heap after GC invocations=17 (full 0):
 garbage-first heap   total 262144K, used 60223K [0x00000000e0000000, 0x0000000100000000)
  region size 1024K, 5 young (5120K), 5 survivors (5120K)
 Metaspace       used 35999K, committed 36416K, reserved 245760K
  class space    used 4998K, committed 5184K, reserved 212992K
}
Event: 21.429 GC heap before
{Heap before GC invocations=17 (full 0):
 garbage-first heap   total 262144K, used 211775K [0x00000000e0000000, 0x0000000100000000)
  region size 1024K, 153 young (156672K), 5 survivors (5120K)
 Metaspace       used 35999K, committed 36416K, reserved 245760K
  class space    used 4998K, committed 5184K, reserved 212992K
}
Event: 21.432 GC heap after
{Heap after GC invocations=18 (full 0):
 garbage-first heap   total 262144K, used 61042K [0x00000000e0000000, 0x0000000100000000)
  region size 1024K, 6 young (6144K), 6 survivors (6144K)
 Metaspace       used 35999K, committed 36416K, reserved 245760K
  class space    used 4998K, committed 5184K, reserved 212992K
}
Event: 21.569 GC heap before
{Heap before GC invocations=18 (full 0):
 garbage-first heap   total 262144K, used 211570K [0x00000000e0000000, 0x0000000100000000)
  region size 1024K, 153 young (156672K), 6 survivors (6144K)
 Metaspace       used 36005K, committed 36416K, reserved 245760K
  class space    used 4999K, committed 5184K, reserved 212992K
}
Event: 21.573 GC heap after
{Heap after GC invocations=19 (full 0):
 garbage-first heap   total 262144K, used 61735K [0x00000000e0000000, 0x0000000100000000)
  region size 1024K, 7 young (7168K), 7 survivors (7168K)
 Metaspace       used 36005K, committed 36416K, reserved 245760K
  class space    used 4999K, committed 5184K, reserved 212992K
}
Event: 21.760 GC heap before
{Heap before GC invocations=19 (full 0):
 garbage-first heap   total 262144K, used 211239K [0x00000000e0000000, 0x0000000100000000)
  region size 1024K, 153 young (156672K), 7 survivors (7168K)
 Metaspace       used 36006K, committed 36416K, reserved 245760K
  class space    used 4999K, committed 5184K, reserved 212992K
}
Event: 21.764 GC heap after
{Heap after GC invocations=20 (full 0):
 garbage-first heap   total 262144K, used 63449K [0x00000000e0000000, 0x0000000100000000)
  region size 1024K, 9 young (9216K), 9 survivors (9216K)
 Metaspace       used 36006K, committed 36416K, reserved 245760K
  class space    used 4999K, committed 5184K, reserved 212992K
}
Event: 21.948 GC heap before
{Heap before GC invocations=20 (full 0):
 garbage-first heap   total 262144K, used 210905K [0x00000000e0000000, 0x0000000100000000)
  region size 1024K, 153 young (156672K), 9 survivors (9216K)
 Metaspace       used 36006K, committed 36416K, reserved 245760K
  class space    used 4999K, committed 5184K, reserved 212992K
}
Event: 21.954 GC heap after
{Heap after GC invocations=21 (full 0):
 garbage-first heap   total 262144K, used 64218K [0x00000000e0000000, 0x0000000100000000)
  region size 1024K, 9 young (9216K), 9 survivors (9216K)
 Metaspace       used 36006K, committed 36416K, reserved 245760K
  class space    used 4999K, committed 5184K, reserved 212992K
}
Event: 22.163 GC heap before
{Heap before GC invocations=21 (full 0):
 garbage-first heap   total 262144K, used 211674K [0x00000000e0000000, 0x0000000100000000)
  region size 1024K, 153 young (156672K), 9 survivors (9216K)
 Metaspace       used 36006K, committed 36416K, reserved 245760K
  class space    used 4999K, committed 5184K, reserved 212992K
}
Event: 22.168 GC heap after
{Heap after GC invocations=22 (full 0):
 garbage-first heap   total 262144K, used 65343K [0x00000000e0000000, 0x0000000100000000)
  region size 1024K, 10 young (10240K), 10 survivors (10240K)
 Metaspace       used 36006K, committed 36416K, reserved 245760K
  class space    used 4999K, committed 5184K, reserved 212992K
}
Event: 22.437 GC heap before
{Heap before GC invocations=22 (full 0):
 garbage-first heap   total 262144K, used 211775K [0x00000000e0000000, 0x0000000100000000)
  region size 1024K, 153 young (156672K), 10 survivors (10240K)
 Metaspace       used 36006K, committed 36416K, reserved 245760K
  class space    used 4999K, committed 5184K, reserved 212992K
}
Event: 22.441 GC heap after
{Heap after GC invocations=23 (full 0):
 garbage-first heap   total 262144K, used 62535K [0x00000000e0000000, 0x0000000100000000)
  region size 1024K, 9 young (9216K), 9 survivors (9216K)
 Metaspace       used 36006K, committed 36416K, reserved 245760K
  class space    used 4999K, committed 5184K, reserved 212992K
}
Event: 22.623 GC heap before
{Heap before GC invocations=23 (full 0):
 garbage-first heap   total 262144K, used 209991K [0x00000000e0000000, 0x0000000100000000)
  region size 1024K, 154 young (157696K), 9 survivors (9216K)
 Metaspace       used 36007K, committed 36416K, reserved 245760K
  class space    used 4999K, committed 5184K, reserved 212992K
}
Event: 22.628 GC heap after
{Heap after GC invocations=24 (full 0):
 garbage-first heap   total 262144K, used 63214K [0x00000000e0000000, 0x0000000100000000)
  region size 1024K, 9 young (9216K), 9 survivors (9216K)
 Metaspace       used 36007K, committed 36416K, reserved 245760K
  class space    used 4999K, committed 5184K, reserved 212992K
}
Event: 22.857 GC heap before
{Heap before GC invocations=24 (full 0):
 garbage-first heap   total 262144K, used 212718K [0x00000000e0000000, 0x0000000100000000)
  region size 1024K, 153 young (156672K), 9 survivors (9216K)
 Metaspace       used 36008K, committed 36416K, reserved 245760K
  class space    used 4999K, committed 5184K, reserved 212992K
}
Event: 22.862 GC heap after
{Heap after GC invocations=25 (full 0):
 garbage-first heap   total 262144K, used 64319K [0x00000000e0000000, 0x0000000100000000)
  region size 1024K, 10 young (10240K), 10 survivors (10240K)
 Metaspace       used 36008K, committed 36416K, reserved 245760K
  class space    used 4999K, committed 5184K, reserved 212992K
}
Event: 23.356 GC heap before
{Heap before GC invocations=25 (full 0):
 garbage-first heap   total 262144K, used 212799K [0x00000000e0000000, 0x0000000100000000)
  region size 1024K, 153 young (156672K), 10 survivors (10240K)
 Metaspace       used 36009K, committed 36416K, reserved 245760K
  class space    used 4999K, committed 5184K, reserved 212992K
}
Event: 23.362 GC heap after
{Heap after GC invocations=26 (full 0):
 garbage-first heap   total 262144K, used 66367K [0x00000000e0000000, 0x0000000100000000)
  region size 1024K, 12 young (12288K), 12 survivors (12288K)
 Metaspace       used 36009K, committed 36416K, reserved 245760K
  class space    used 4999K, committed 5184K, reserved 212992K
}

